
DataX (DATAX-OPENSOURCE-3.0), From Alibaba !
Copyright (C) 2010-2017, Alibaba Group. All Rights Reserved.


WARNING: A terminally deprecated method in sun.misc.Unsafe has been called
WARNING: sun.misc.Unsafe::staticFieldOffset has been called by com.alibaba.fastjson2.util.JDKUtils (file:/home/wallfacers/engines/datax/lib/fastjson2-2.0.23.jar)
WARNING: Please consider reporting this to the maintainers of class com.alibaba.fastjson2.util.JDKUtils
WARNING: sun.misc.Unsafe::staticFieldOffset will be removed in a future release
2026-07-10 23:57:05.449 [main] INFO  MessageSource - JVM TimeZone: GMT+08:00, Locale: zh_CN
2026-07-10 23:57:05.449 [main] INFO  MessageSource - use Locale: zh_CN timeZone: sun.util.calendar.ZoneInfo[id="GMT+08:00",offset=28800000,dstSavings=0,useDaylight=false,transitions=0,lastRule=null]
2026-07-10 23:57:05.470 [main] INFO  VMInfo - VMInfo# operatingSystem class => com.sun.management.internal.OperatingSystemImpl
2026-07-10 23:57:05.475 [main] INFO  Engine - the machine info  => 

	osInfo:	Linux amd64 6.6.87.2-microsoft-standard-WSL2
	jvmInfo:	Eclipse Adoptium 25 25.0.3+9-LTS
	cpu num:	20

	totalPhysicalMemory:	-0.00G
	freePhysicalMemory:	-0.00G
	maxFileDescriptorCount:	-1
	currentOpenFileDescriptorCount:	-1

	GC Names	[G1 Young Generation, G1 Old Generation, G1 Concurrent GC]

	MEMORY_NAME                    | allocation_size                | init_size                      
	CodeHeap 'profiled nmethods'   | 116.38MB                       | 2.44MB                         
	G1 Old Gen                     | 1,024.00MB                     | 973.00MB                       
	G1 Survivor Space              | -0.00MB                        | 0.00MB                         
	CodeHeap 'non-profiled nmethods' | 116.38MB                       | 2.44MB                         
	Compressed Class Space         | 1,024.00MB                     | 0.00MB                         
	Metaspace                      | -0.00MB                        | 0.00MB                         
	G1 Eden Space                  | -0.00MB                        | 51.00MB                        
	CodeHeap 'non-nmethods'        | 7.25MB                         | 2.44MB                         


2026-07-10 23:57:05.481 [main] INFO  Engine - 
{
	"content":[
		{
			"reader":{
				"name":"mysqlreader",
				"parameter":{
					"username":"biz",
					"password":"***",
					"column":[
						"id"
					],
					"connection":[
						{
							"table":[
								"nonexistent_table_xyz123"
							],
							"jdbcUrl":[
								"jdbc:mysql://127.0.0.1:3307/dataweave_biz?useSSL=false&allowPublicKeyRetrieval=true&serverTimezone=UTC"
							]
						}
					]
				}
			},
			"writer":{
				"name":"streamwriter",
				"parameter":{
					"encoding":"UTF-8",
					"print":true
				}
			}
		}
	],
	"setting":{
		"speed":{
			"channel":1
		}
	}
}

2026-07-10 23:57:05.491 [main] INFO  PerfTrace - PerfTrace traceId=job_-1, isEnable=false
2026-07-10 23:57:05.492 [main] INFO  JobContainer - DataX jobContainer starts job.
2026-07-10 23:57:05.492 [main] INFO  JobContainer - Set jobId = 0
2026-07-10 23:57:05.705 [job-0] INFO  OriginalConfPretreatmentUtil - Available jdbcUrl:jdbc:mysql://127.0.0.1:3307/dataweave_biz?useSSL=false&allowPublicKeyRetrieval=true&serverTimezone=UTC&yearIsDateType=false&zeroDateTimeBehavior=convertToNull&tinyInt1isBit=false&rewriteBatchedStatements=true.
2026-07-10 23:57:05.721 [job-0] ERROR JobContainer - Exception when job run
com.alibaba.datax.common.exception.DataXException: Code:[MYSQLErrCode-04], Description:[表不存在，请检查表名或者联系DBA确认该表是否存在].  - 表名为：nonexistent_table_xyz123 执行的SQL为:select * from nonexistent_table_xyz123 where 1=2 具体错误信息为：com.mysql.jdbc.exceptions.jdbc4.MySQLSyntaxErrorException: Table 'dataweave_biz.nonexistent_table_xyz123' doesn't exist - com.mysql.jdbc.exceptions.jdbc4.MySQLSyntaxErrorException: Table 'dataweave_biz.nonexistent_table_xyz123' doesn't exist
	at java.base/jdk.internal.reflect.DirectConstructorHandleAccessor.newInstance(DirectConstructorHandleAccessor.java:62)
	at java.base/java.lang.reflect.Constructor.newInstanceWithCaller(Constructor.java:499)
	at java.base/java.lang.reflect.Constructor.newInstance(Constructor.java:483)
	at com.mysql.jdbc.Util.handleNewInstance(Util.java:425)
	at com.mysql.jdbc.Util.getInstance(Util.java:408)
	at com.mysql.jdbc.SQLError.createSQLException(SQLError.java:944)
	at com.mysql.jdbc.MysqlIO.checkErrorPacket(MysqlIO.java:3978)
	at com.mysql.jdbc.MysqlIO.checkErrorPacket(MysqlIO.java:3914)
	at com.mysql.jdbc.MysqlIO.sendCommand(MysqlIO.java:2530)
	at com.mysql.jdbc.MysqlIO.sqlQueryDirect(MysqlIO.java:2683)
	at com.mysql.jdbc.ConnectionImpl.execSQL(ConnectionImpl.java:2491)
	at com.mysql.jdbc.ConnectionImpl.execSQL(ConnectionImpl.java:2449)
	at com.mysql.jdbc.StatementImpl.executeQuery(StatementImpl.java:1381)
	at com.alibaba.datax.plugin.rdbms.util.DBUtil.getTableColumnsByConn(DBUtil.java:520)
	at com.alibaba.datax.plugin.rdbms.util.DBUtil.getTableColumns(DBUtil.java:508)
	at com.alibaba.datax.plugin.rdbms.reader.util.OriginalConfPretreatmentUtil.dealColumnConf(OriginalConfPretreatmentUtil.java:159)
	at com.alibaba.datax.plugin.rdbms.reader.util.OriginalConfPretreatmentUtil.simplifyConf(OriginalConfPretreatmentUtil.java:61)
	at com.alibaba.datax.plugin.rdbms.reader.util.OriginalConfPretreatmentUtil.doPretreatment(OriginalConfPretreatmentUtil.java:33)
	at com.alibaba.datax.plugin.rdbms.reader.CommonRdbmsReader$Job.init(CommonRdbmsReader.java:55)
	at com.alibaba.datax.plugin.reader.mysqlreader.MysqlReader$Job.init(MysqlReader.java:37)
	at com.alibaba.datax.core.job.JobContainer.initJobReader(JobContainer.java:673)
	at com.alibaba.datax.core.job.JobContainer.init(JobContainer.java:303)
	at com.alibaba.datax.core.job.JobContainer.start(JobContainer.java:113)
	at com.alibaba.datax.core.Engine.start(Engine.java:86)
	at com.alibaba.datax.core.Engine.entry(Engine.java:168)
	at com.alibaba.datax.core.Engine.main(Engine.java:201)

	at com.alibaba.datax.common.exception.DataXException.asDataXException(DataXException.java:41) ~[datax-common-0.0.1-SNAPSHOT.jar:na]
	at com.alibaba.datax.plugin.rdbms.util.RdbmsException.asQueryException(RdbmsException.java:75) ~[plugin-rdbms-util-0.0.1-SNAPSHOT.jar:na]
	at com.alibaba.datax.plugin.rdbms.util.DBUtil.getTableColumnsByConn(DBUtil.java:527) ~[plugin-rdbms-util-0.0.1-SNAPSHOT.jar:na]
	at com.alibaba.datax.plugin.rdbms.util.DBUtil.getTableColumns(DBUtil.java:508) ~[plugin-rdbms-util-0.0.1-SNAPSHOT.jar:na]
	at com.alibaba.datax.plugin.rdbms.reader.util.OriginalConfPretreatmentUtil.dealColumnConf(OriginalConfPretreatmentUtil.java:159) ~[plugin-rdbms-util-0.0.1-SNAPSHOT.jar:na]
	at com.alibaba.datax.plugin.rdbms.reader.util.OriginalConfPretreatmentUtil.simplifyConf(OriginalConfPretreatmentUtil.java:61) ~[plugin-rdbms-util-0.0.1-SNAPSHOT.jar:na]
	at com.alibaba.datax.plugin.rdbms.reader.util.OriginalConfPretreatmentUtil.doPretreatment(OriginalConfPretreatmentUtil.java:33) ~[plugin-rdbms-util-0.0.1-SNAPSHOT.jar:na]
	at com.alibaba.datax.plugin.rdbms.reader.CommonRdbmsReader$Job.init(CommonRdbmsReader.java:55) ~[plugin-rdbms-util-0.0.1-SNAPSHOT.jar:na]
	at com.alibaba.datax.plugin.reader.mysqlreader.MysqlReader$Job.init(MysqlReader.java:37) ~[mysqlreader-0.0.1-SNAPSHOT.jar:na]
	at com.alibaba.datax.core.job.JobContainer.initJobReader(JobContainer.java:673) ~[datax-core-0.0.1-SNAPSHOT.jar:na]
	at com.alibaba.datax.core.job.JobContainer.init(JobContainer.java:303) ~[datax-core-0.0.1-SNAPSHOT.jar:na]
	at com.alibaba.datax.core.job.JobContainer.start(JobContainer.java:113) ~[datax-core-0.0.1-SNAPSHOT.jar:na]
	at com.alibaba.datax.core.Engine.start(Engine.java:86) ~[datax-core-0.0.1-SNAPSHOT.jar:na]
	at com.alibaba.datax.core.Engine.entry(Engine.java:168) ~[datax-core-0.0.1-SNAPSHOT.jar:na]
	at com.alibaba.datax.core.Engine.main(Engine.java:201) ~[datax-core-0.0.1-SNAPSHOT.jar:na]
Caused by: com.mysql.jdbc.exceptions.jdbc4.MySQLSyntaxErrorException: Table 'dataweave_biz.nonexistent_table_xyz123' doesn't exist
	at java.base/jdk.internal.reflect.DirectConstructorHandleAccessor.newInstance(DirectConstructorHandleAccessor.java:62) ~[na:na]
	at java.base/java.lang.reflect.Constructor.newInstanceWithCaller(Constructor.java:499) ~[na:na]
	at java.base/java.lang.reflect.Constructor.newInstance(Constructor.java:483) ~[na:na]
	at com.mysql.jdbc.Util.handleNewInstance(Util.java:425) ~[mysql-connector-java-5.1.47.jar:5.1.47]
	at com.mysql.jdbc.Util.getInstance(Util.java:408) ~[mysql-connector-java-5.1.47.jar:5.1.47]
	at com.mysql.jdbc.SQLError.createSQLException(SQLError.java:944) ~[mysql-connector-java-5.1.47.jar:5.1.47]
	at com.mysql.jdbc.MysqlIO.checkErrorPacket(MysqlIO.java:3978) ~[mysql-connector-java-5.1.47.jar:5.1.47]
	at com.mysql.jdbc.MysqlIO.checkErrorPacket(MysqlIO.java:3914) ~[mysql-connector-java-5.1.47.jar:5.1.47]
	at com.mysql.jdbc.MysqlIO.sendCommand(MysqlIO.java:2530) ~[mysql-connector-java-5.1.47.jar:5.1.47]
	at com.mysql.jdbc.MysqlIO.sqlQueryDirect(MysqlIO.java:2683) ~[mysql-connector-java-5.1.47.jar:5.1.47]
	at com.mysql.jdbc.ConnectionImpl.execSQL(ConnectionImpl.java:2491) ~[mysql-connector-java-5.1.47.jar:5.1.47]
	at com.mysql.jdbc.ConnectionImpl.execSQL(ConnectionImpl.java:2449) ~[mysql-connector-java-5.1.47.jar:5.1.47]
	at com.mysql.jdbc.StatementImpl.executeQuery(StatementImpl.java:1381) ~[mysql-connector-java-5.1.47.jar:5.1.47]
	at com.alibaba.datax.plugin.rdbms.util.DBUtil.getTableColumnsByConn(DBUtil.java:520) ~[plugin-rdbms-util-0.0.1-SNAPSHOT.jar:na]
	... 12 common frames omitted
2026-07-10 23:57:05.723 [job-0] INFO  StandAloneJobContainerCommunicator - Total 0 records, 0 bytes | Speed 0B/s, 0 records/s | Error 0 records, 0 bytes |  All Task WaitWriterTime 0.000s |  All Task WaitReaderTime 0.000s | Percentage 0.00%
2026-07-10 23:57:05.724 [job-0] ERROR Engine - 

经DataX智能分析,该任务最可能的错误原因是:
com.alibaba.datax.common.exception.DataXException: Code:[MYSQLErrCode-04], Description:[表不存在，请检查表名或者联系DBA确认该表是否存在].  - 表名为：nonexistent_table_xyz123 执行的SQL为:select * from nonexistent_table_xyz123 where 1=2 具体错误信息为：com.mysql.jdbc.exceptions.jdbc4.MySQLSyntaxErrorException: Table 'dataweave_biz.nonexistent_table_xyz123' doesn't exist - com.mysql.jdbc.exceptions.jdbc4.MySQLSyntaxErrorException: Table 'dataweave_biz.nonexistent_table_xyz123' doesn't exist
	at java.base/jdk.internal.reflect.DirectConstructorHandleAccessor.newInstance(DirectConstructorHandleAccessor.java:62)
	at java.base/java.lang.reflect.Constructor.newInstanceWithCaller(Constructor.java:499)
	at java.base/java.lang.reflect.Constructor.newInstance(Constructor.java:483)
	at com.mysql.jdbc.Util.handleNewInstance(Util.java:425)
	at com.mysql.jdbc.Util.getInstance(Util.java:408)
	at com.mysql.jdbc.SQLError.createSQLException(SQLError.java:944)
	at com.mysql.jdbc.MysqlIO.checkErrorPacket(MysqlIO.java:3978)
	at com.mysql.jdbc.MysqlIO.checkErrorPacket(MysqlIO.java:3914)
	at com.mysql.jdbc.MysqlIO.sendCommand(MysqlIO.java:2530)
	at com.mysql.jdbc.MysqlIO.sqlQueryDirect(MysqlIO.java:2683)
	at com.mysql.jdbc.ConnectionImpl.execSQL(ConnectionImpl.java:2491)
	at com.mysql.jdbc.ConnectionImpl.execSQL(ConnectionImpl.java:2449)
	at com.mysql.jdbc.StatementImpl.executeQuery(StatementImpl.java:1381)
	at com.alibaba.datax.plugin.rdbms.util.DBUtil.getTableColumnsByConn(DBUtil.java:520)
	at com.alibaba.datax.plugin.rdbms.util.DBUtil.getTableColumns(DBUtil.java:508)
	at com.alibaba.datax.plugin.rdbms.reader.util.OriginalConfPretreatmentUtil.dealColumnConf(OriginalConfPretreatmentUtil.java:159)
	at com.alibaba.datax.plugin.rdbms.reader.util.OriginalConfPretreatmentUtil.simplifyConf(OriginalConfPretreatmentUtil.java:61)
	at com.alibaba.datax.plugin.rdbms.reader.util.OriginalConfPretreatmentUtil.doPretreatment(OriginalConfPretreatmentUtil.java:33)
	at com.alibaba.datax.plugin.rdbms.reader.CommonRdbmsReader$Job.init(CommonRdbmsReader.java:55)
	at com.alibaba.datax.plugin.reader.mysqlreader.MysqlReader$Job.init(MysqlReader.java:37)
	at com.alibaba.datax.core.job.JobContainer.initJobReader(JobContainer.java:673)
	at com.alibaba.datax.core.job.JobContainer.init(JobContainer.java:303)
	at com.alibaba.datax.core.job.JobContainer.start(JobContainer.java:113)
	at com.alibaba.datax.core.Engine.start(Engine.java:86)
	at com.alibaba.datax.core.Engine.entry(Engine.java:168)
	at com.alibaba.datax.core.Engine.main(Engine.java:201)

	at com.alibaba.datax.common.exception.DataXException.asDataXException(DataXException.java:41)
	at com.alibaba.datax.plugin.rdbms.util.RdbmsException.asQueryException(RdbmsException.java:75)
	at com.alibaba.datax.plugin.rdbms.util.DBUtil.getTableColumnsByConn(DBUtil.java:527)
	at com.alibaba.datax.plugin.rdbms.util.DBUtil.getTableColumns(DBUtil.java:508)
	at com.alibaba.datax.plugin.rdbms.reader.util.OriginalConfPretreatmentUtil.dealColumnConf(OriginalConfPretreatmentUtil.java:159)
	at com.alibaba.datax.plugin.rdbms.reader.util.OriginalConfPretreatmentUtil.simplifyConf(OriginalConfPretreatmentUtil.java:61)
	at com.alibaba.datax.plugin.rdbms.reader.util.OriginalConfPretreatmentUtil.doPretreatment(OriginalConfPretreatmentUtil.java:33)
	at com.alibaba.datax.plugin.rdbms.reader.CommonRdbmsReader$Job.init(CommonRdbmsReader.java:55)
	at com.alibaba.datax.plugin.reader.mysqlreader.MysqlReader$Job.init(MysqlReader.java:37)
	at com.alibaba.datax.core.job.JobContainer.initJobReader(JobContainer.java:673)
	at com.alibaba.datax.core.job.JobContainer.init(JobContainer.java:303)
	at com.alibaba.datax.core.job.JobContainer.start(JobContainer.java:113)
	at com.alibaba.datax.core.Engine.start(Engine.java:86)
	at com.alibaba.datax.core.Engine.entry(Engine.java:168)
	at com.alibaba.datax.core.Engine.main(Engine.java:201)
Caused by: com.mysql.jdbc.exceptions.jdbc4.MySQLSyntaxErrorException: Table 'dataweave_biz.nonexistent_table_xyz123' doesn't exist
	at java.base/jdk.internal.reflect.DirectConstructorHandleAccessor.newInstance(DirectConstructorHandleAccessor.java:62)
	at java.base/java.lang.reflect.Constructor.newInstanceWithCaller(Constructor.java:499)
	at java.base/java.lang.reflect.Constructor.newInstance(Constructor.java:483)
	at com.mysql.jdbc.Util.handleNewInstance(Util.java:425)
	at com.mysql.jdbc.Util.getInstance(Util.java:408)
	at com.mysql.jdbc.SQLError.createSQLException(SQLError.java:944)
	at com.mysql.jdbc.MysqlIO.checkErrorPacket(MysqlIO.java:3978)
	at com.mysql.jdbc.MysqlIO.checkErrorPacket(MysqlIO.java:3914)
	at com.mysql.jdbc.MysqlIO.sendCommand(MysqlIO.java:2530)
	at com.mysql.jdbc.MysqlIO.sqlQueryDirect(MysqlIO.java:2683)
	at com.mysql.jdbc.ConnectionImpl.execSQL(ConnectionImpl.java:2491)
	at com.mysql.jdbc.ConnectionImpl.execSQL(ConnectionImpl.java:2449)
	at com.mysql.jdbc.StatementImpl.executeQuery(StatementImpl.java:1381)
	at com.alibaba.datax.plugin.rdbms.util.DBUtil.getTableColumnsByConn(DBUtil.java:520)
	... 12 more

退出码 1
dw: 任务执行失败（runner 退出码 1，详见上方输出）
